2025-03-07 22:41:32,311 - INFO - \u2705 Data successfully stored in 'education_data.db' with descriptions!
2025-03-07 22:41:32,396 - INFO - package: mysql.connector.plugins
2025-03-07 22:41:32,396 - INFO - plugin_name: caching_sha2_password
2025-03-07 22:41:32,396 - INFO - AUTHENTICATION_PLUGIN_CLASS: MySQLCachingSHA2PasswordAuthPlugin
2025-03-07 22:41:32,435 - ERROR - \u274c Error during scraping: 1406 (22001): Data too long for column 'file_type' at row 1
2025-03-07 22:43:41,290 - INFO - \u2705 Data successfully stored in 'education_data.db' with descriptions!
2025-03-07 22:43:41,358 - INFO - package: mysql.connector.plugins
2025-03-07 22:43:41,358 - INFO - plugin_name: caching_sha2_password
2025-03-07 22:43:41,358 - INFO - AUTHENTICATION_PLUGIN_CLASS: MySQLCachingSHA2PasswordAuthPlugin
2025-03-07 22:43:41,365 - ERROR - \u274c Error during scraping: 1406 (22001): Data too long for column 'file_type' at row 1
2025-03-07 22:43:49,217 - INFO - \u2705 Data successfully stored in 'education_data.db' with descriptions!
2025-03-07 22:43:49,284 - INFO - package: mysql.connector.plugins
2025-03-07 22:43:49,284 - INFO - plugin_name: caching_sha2_password
2025-03-07 22:43:49,284 - INFO - AUTHENTICATION_PLUGIN_CLASS: MySQLCachingSHA2PasswordAuthPlugin
2025-03-07 22:43:49,290 - ERROR - \u274c Error during scraping: 1406 (22001): Data too long for column 'file_type' at row 1
2025-03-07 22:48:24,963 - INFO - \u2705 Data successfully stored in 'education_data.db' with descriptions!
2025-03-07 22:48:25,037 - INFO - package: mysql.connector.plugins
2025-03-07 22:48:25,037 - INFO - plugin_name: caching_sha2_password
2025-03-07 22:48:25,037 - INFO - AUTHENTICATION_PLUGIN_CLASS: MySQLCachingSHA2PasswordAuthPlugin
2025-03-07 22:48:25,045 - ERROR - \u274c Error during scraping: 1406 (22001): Data too long for column 'year' at row 1
2025-03-07 22:51:15,310 - INFO - \u2705 Data successfully stored in 'education_data.db' with descriptions!
2025-03-07 22:51:15,383 - INFO - package: mysql.connector.plugins
2025-03-07 22:51:15,383 - INFO - plugin_name: caching_sha2_password
2025-03-07 22:51:15,383 - INFO - AUTHENTICATION_PLUGIN_CLASS: MySQLCachingSHA2PasswordAuthPlugin
2025-03-07 22:51:15,405 - INFO - \u2705 Data successfully stored in MySQL database!
2025-03-07 22:51:22,443 - INFO - \u2705 Data successfully stored in 'education_data.db' with descriptions!
2025-03-07 22:51:22,514 - INFO - package: mysql.connector.plugins
2025-03-07 22:51:22,514 - INFO - plugin_name: caching_sha2_password
2025-03-07 22:51:22,514 - INFO - AUTHENTICATION_PLUGIN_CLASS: MySQLCachingSHA2PasswordAuthPlugin
2025-03-07 22:51:22,537 - INFO - \u2705 Data successfully stored in MySQL database!
2025-03-07 23:05:08,827 - INFO - \u2705 Data successfully stored in 'education_data.db' with descriptions!
2025-03-07 23:05:08,901 - INFO - package: mysql.connector.plugins
2025-03-07 23:05:08,901 - INFO - plugin_name: caching_sha2_password
2025-03-07 23:05:08,901 - INFO - AUTHENTICATION_PLUGIN_CLASS: MySQLCachingSHA2PasswordAuthPlugin
2025-03-07 23:05:09,700 - INFO - \u2705 Data successfully stored in MySQL database!
2025-03-07 23:15:09,025 - INFO - \u2705 Data successfully stored in 'education_data.db' with descriptions!
2025-03-07 23:15:09,118 - INFO - package: mysql.connector.plugins
2025-03-07 23:15:09,118 - INFO - plugin_name: caching_sha2_password
2025-03-07 23:15:09,118 - INFO - AUTHENTICATION_PLUGIN_CLASS: MySQLCachingSHA2PasswordAuthPlugin
2025-03-07 23:15:09,145 - INFO - \u2705 Data successfully stored in MySQL database!
